Branch: 0

LnL0: -2614.992001104497376
Branch lengths: 0.0000000 0.0000000 0.4272389 2.2962843 0.0836438 0.1474015 0.4046995 0.1135361
0.0336184 0.0758450 0.1637632 0.0477908 0.2988944 0.0548416 0.0528061 0.0005663
0.0199252 0.0000000 0.0000000
p0: 0.8312194 p1: 0.0931778 p2a: 0.0679822 p2b: 0.0076206
w0: 0.0640211 k: 3.4970716

LnL1: -2614.055574634424374
Branch lengths: 0.0000000 0.0000000 13.8303127 2.2869697 0.0710944 0.1503029 0.4071326 0.1129772
0.0350059 0.0746122 0.1616440 0.0492962 0.2981465 0.0543888 0.0515652 0.0007134
0.0197802 0.0000000 0.0000000
p0: 0.8771828 p1: 0.0935637 p2a: 0.0264339 p2b: 0.0028195
w0: 0.0664175 k: 3.5546405 w2: 503.1989399


Branch: 1

LnL0: -2615.540162244748444
Branch lengths: 0.0000000 0.0000000 0.4350774 2.1830493 0.0793299 0.1489929 0.4048617 0.1108999
0.0333885 0.0759458 0.1598452 0.0491476 0.2981866 0.0547397 0.0524189 0.0000000
0.0205266 0.0000000 0.0000000
p0: 0.7560974 p1: 0.0844893 p2a: 0.1433903 p2b: 0.0160230
w0: 0.0671337 k: 3.4946731

LnL1: -2611.251722133761177
Branch lengths: 0.0000000 0.0000000 0.4509557 2.1572136 0.9899130 0.1519692 0.4033687 0.1122403
0.0335061 0.0757965 0.1572671 0.0492576 0.2973304 0.0546319 0.0523224 0.0001296
0.0204037 0.0000000 0.0000000
p0: 0.8900774 p1: 0.0960052 p2a: 0.0125623 p2b: 0.0013550
w0: 0.0694083 k: 3.5244788 w2: 999.0000000


Branch: 2

LnL0: -2614.400605027360598
Branch lengths: 0.0000000 0.0000000 0.4691790 2.2751691 0.0667919 0.1281678 0.4020374 0.1134426
0.0328983 0.0764440 0.1637744 0.0496716 0.2982900 0.0546106 0.0519969 0.0000000
0.0204362 0.0000000 0.0000000
p0: 0.8240131 p1: 0.0867527 p2a: 0.0807344 p2b: 0.0084998
w0: 0.0669442 k: 3.4932807

LnL1: -2607.267106581673033
Branch lengths: 0.0000000 0.0000000 0.4769213 2.2692855 0.0707489 1.2221522 0.4065913 0.1113921
0.0331237 0.0761705 0.1695879 0.0503997 0.2980253 0.0555671 0.0514457 0.0000000
0.0204190 0.0000000 0.0000000
p0: 0.8829229 p1: 0.0941086 p2a: 0.0207561 p2b: 0.0022123
w0: 0.0674749 k: 3.6308893 w2: 314.4733217


Branch: 3

LnL0: -2616.623661487894424
Branch lengths: -0.0000000 0.0000000 0.4634127 2.1641085 0.0659247 0.1469526 0.4002535 0.1096640
0.0331718 0.0758554 0.1571379 0.0494018 0.2969656 0.0545908 0.0519422 0.0000000
0.0205028 -0.0000000 0.0000000
p0: 0.8972647 p1: 0.1027353 p2a: 0.0000000 p2b: 0.0000000
w0: 0.0709130 k: 3.4635528

LnL1: -2616.635184732439029
Branch lengths: 0.0000000 0.0000000 0.4624029 2.1506242 0.0654344 0.1467253 0.3987593 0.1096668
0.0331627 0.0759361 0.1564121 0.0491802 0.2959921 0.0546650 0.0519601 0.0000000
0.0204959 0.0000000 0.0000000
p0: 0.8974933 p1: 0.1025067 p2a: 0.0000000 p2b: 0.0000000
w0: 0.0713426 k: 3.3997469 w2: 1.0000000


Branch: 4

LnL0: -2616.623661466769590
Branch lengths: 0.0000000 0.0000000 0.4634130 2.1641381 0.0659250 0.1469532 0.4002589 0.1096648
0.0331721 0.0758560 0.1571410 0.0494011 0.2969653 0.0545914 0.0519412 0.0000000
0.0205027 0.0000000 0.0000000
p0: 0.8972622 p1: 0.1027378 p2a: 0.0000000 p2b: 0.0000000
w0: 0.0709114 k: 3.4636598

LnL1: -2616.623661482396528
Branch lengths: -0.0000000 0.0000000 0.4634177 2.1641112 0.0659233 0.1469481 0.4002500 0.1096647
0.0331719 0.0758560 0.1571383 0.0494015 0.2969653 0.0545905 0.0519406 0.0000000
0.0205026 -0.0000000 0.0000000
p0: 0.8972641 p1: 0.1027359 p2a: 0.0000000 p2b: 0.0000000
w0: 0.0709128 k: 3.4636440 w2: 1.0000000


Branch: 5

LnL0: -2616.619841287325016
Branch lengths: 0.0000000 0.0000000 0.4633348 2.1683698 0.0661283 0.1470432 0.4004004 0.1098256
0.0331666 0.0758935 0.1570765 0.0485583 0.2968996 0.0548850 0.0524049 0.0000000
0.0205061 0.0000000 0.0000000
p0: 0.8887855 p1: 0.1013255 p2a: 0.0088769 p2b: 0.0010120
w0: 0.0707733 k: 3.4648088

LnL1: -2616.619841247987551
Branch lengths: 0.0000000 0.0000000 0.4633342 2.1684198 0.0661276 0.1470423 0.4004026 0.1098279
0.0331664 0.0758928 0.1570811 0.0485578 0.2969000 0.0548854 0.0524038 0.0000000
0.0205058 0.0000000 0.0000000
p0: 0.8887843 p1: 0.1013274 p2a: 0.0088764 p2b: 0.0010120
w0: 0.0707704 k: 3.4647517 w2: 1.0000000


Branch: 6

LnL0: -2616.623661608910879
Branch lengths: 0.0000000 0.0000000 0.4634076 2.1640512 0.0659229 0.1469501 0.4002505 0.1096648
0.0331719 0.0758549 0.1571384 0.0494011 0.2969617 0.0545906 0.0519426 0.0000000
0.0205026 0.0000000 0.0000000
p0: 0.8972648 p1: 0.1027352 p2a: 0.0000000 p2b: 0.0000000
w0: 0.0709149 k: 3.4634124

LnL1: -2616.623661485228240
Branch lengths: 0.0000000 0.0000000 0.4634113 2.1641056 0.0659257 0.1469517 0.4002553 0.1096636
0.0331722 0.0758554 0.1571386 0.0494012 0.2969632 0.0545921 0.0519421 0.0000000
0.0205029 0.0000000 0.0000000
p0: 0.8972641 p1: 0.1027359 p2a: 0.0000000 p2b: 0.0000000
w0: 0.0709130 k: 3.4635337 w2: 2.9464221


Branch: 7

LnL0: -2616.540136364067621
Branch lengths: 0.0000000 0.0000000 0.4621227 2.1722965 0.0660195 0.1474073 0.3994368 0.1108604
0.0331467 0.0758685 0.1574454 0.0481651 0.2967936 0.0545049 0.0518709 0.0017545
0.0185826 0.0000000 0.0000000
p0: 0.8397321 p1: 0.0972253 p2a: 0.0565009 p2b: 0.0065417
w0: 0.0703252 k: 3.4614383

LnL1: -2616.540136165151125
Branch lengths: 0.0000000 0.0000000 0.4621269 2.1723232 0.0660185 0.1474076 0.3994418 0.1108607
0.0331484 0.0758670 0.1574513 0.0481657 0.2967943 0.0545045 0.0518716 0.0017541
0.0185831 0.0000000 0.0000000
p0: 0.8397471 p1: 0.0972271 p2a: 0.0564858 p2b: 0.0065400
w0: 0.0703253 k: 3.4616702 w2: 1.0000000


PositiveSelectionSite for branch: 1 Site: 85 Prob: 0.877450
PositiveSelectionSite for branch: 1 Site: 87 Prob: 0.718496
PositiveSelectionSite for branch: 1 Site: 101 Prob: 0.656683
PositiveSelectionSite for branch: 1 Site: 124 Prob: 0.789681
PositiveSelectionSite for branch: 1 Site: 192 Prob: 0.607351
PositiveSelectionSite for branch: 2 Site: 49 Prob: 0.500903
PositiveSelectionSite for branch: 2 Site: 73 Prob: 0.739117
PositiveSelectionSite for branch: 2 Site: 99 Prob: 0.523157
PositiveSelectionSite for branch: 2 Site: 105 Prob: 0.606336
PositiveSelectionSite for branch: 2 Site: 174 Prob: 0.998933
