------------------------------------
FastCodeML V1.2.0
------------------------------------

Tree file: /tmp/d20160509-8-1x9ajkr/tree.nwk
Gene file: /tmp/d20160509-8-1x9ajkr/aligned.phy
Verbose level: 4 (Mild debug messages)
H0 pre stop: No
Reduce forest: Aggressive
Starting val.: Params from const (see below)
Clean data: Off
Optimizer: 22
Relative error: 0.001
Results file: /tmp/d20160509-8-1x9ajkr/output.out
Num. threads: 1 serial
Num. cores: 1
Compiled with: USE_OPENMP USE_CPV_SCALING USE_LAPACK

Param initial values:

k = 3.458410
p0 = 0.250000
p1 = 0.250000
w0 = 0.400000
w2 = 1.100000
Gap at codon 3
Gap at codon 4
Gap at codon 5
Gap at codon 6
Gap at codon 7
Gap at codon 8
Gap at codon 9
Gap at codon 10
Gap at codon 11
Gap at codon 23
Gap at codon 24
Gap at codon 25
Gap at codon 26
Gap at codon 27
Gap at codon 28
Gap at codon 29
Gap at codon 30
Gap at codon 34
Gap at codon 35
Gap at codon 36
Gap at codon 37
Gap at codon 38
Gap at codon 39
Gap at codon 40
Gap at codon 45
Gap at codon 46
Gap at codon 47

Num. species: 11
Num. basis: 762
Valid codons: 227/254
Ambiguous: 21/254
Gaps removed: 27
Sites: 203/254
Multi codons: 17/254

------------------------------------

1 2 0 0 0 0 0 0 0 0 0 2 1 1 0 0 2 2 0 1 1 0 0 0 0 0 0 0 0 0 1 1 1 0 0 0 0 0 0 0 1 1 1 1 0 0 0 1 1 1 1 1 1 1 2 1 1 2 5 1 3 1 1 1 1 2 1 1 1 1 1 1 1 1 1 1 1 1 1 1 1 1 1 1 1 1 1 1 1 1 1 1 5 1 1 1 1 1 1 2 1 1 1 0 1 1 1 1 2 1 2 1 1 1 1 1 0 1 1 1 1 1 1 1 1 1 1 1 1 1 1 1 1 1 2 1 1 1 1 1 1 0 1 1 0 0 1 0 1 2 0 1 1 1 1 1 1 1 1 0 0 0 1 1 1 1 1 1 1 1 1 0 1 1 1 1 2 1 1 1 1 0 0 1 0 1 1 2 1 1 1 1 1 1 1 1 1 1 1 1 1 1 0 1 1 0 1 1 1 0 1 1 1 1 1 1 1 1 1 1 1 1 1 0 1 1 0 1 1 1 1 1 1 1 1 1 1 1 0 1 1 1 1 1 1 1 1 1 1 1 1 1 1 1

Reduced 0 maps to original: 0
Reduced 1 maps to original: 1 14
Reduced 2 maps to original: 11 15
Reduced 3 maps to original: 12
Reduced 4 maps to original: 13
Reduced 5 maps to original: 16 18
Reduced 6 maps to original: 17 21
Reduced 7 maps to original: 19
Reduced 8 maps to original: 20
Reduced 9 maps to original: 30
Reduced 10 maps to original: 31
Reduced 11 maps to original: 32
Reduced 12 maps to original: 40
Reduced 13 maps to original: 41
Reduced 14 maps to original: 42
Reduced 15 maps to original: 43
Reduced 16 maps to original: 47
Reduced 17 maps to original: 48
Reduced 18 maps to original: 49
Reduced 19 maps to original: 50
Reduced 20 maps to original: 51
Reduced 21 maps to original: 52
Reduced 22 maps to original: 53
Reduced 23 maps to original: 54 181
Reduced 24 maps to original: 55
Reduced 25 maps to original: 56
Reduced 26 maps to original: 57 116
Reduced 27 maps to original: 58 145 182 205 223
Reduced 28 maps to original: 59
Reduced 29 maps to original: 60 103 141
Reduced 30 maps to original: 61
Reduced 31 maps to original: 62
Reduced 32 maps to original: 63
Reduced 33 maps to original: 64
Reduced 34 maps to original: 65 161
Reduced 35 maps to original: 66
Reduced 36 maps to original: 67
Reduced 37 maps to original: 68
Reduced 38 maps to original: 69
Reduced 39 maps to original: 70
Reduced 40 maps to original: 71
Reduced 41 maps to original: 72
Reduced 42 maps to original: 73
Reduced 43 maps to original: 74
Reduced 44 maps to original: 75
Reduced 45 maps to original: 76
Reduced 46 maps to original: 77
Reduced 47 maps to original: 78
Reduced 48 maps to original: 79
Reduced 49 maps to original: 80
Reduced 50 maps to original: 81
Reduced 51 maps to original: 82
Reduced 52 maps to original: 83
Reduced 53 maps to original: 84
Reduced 54 maps to original: 85
Reduced 55 maps to original: 86
Reduced 56 maps to original: 87
Reduced 57 maps to original: 88
Reduced 58 maps to original: 89
Reduced 59 maps to original: 90
Reduced 60 maps to original: 91
Reduced 61 maps to original: 92 144 147 160 209
Reduced 62 maps to original: 93
Reduced 63 maps to original: 94
Reduced 64 maps to original: 95
Reduced 65 maps to original: 96
Reduced 66 maps to original: 97
Reduced 67 maps to original: 98
Reduced 68 maps to original: 99 150
Reduced 69 maps to original: 100
Reduced 70 maps to original: 101
Reduced 71 maps to original: 102
Reduced 72 maps to original: 104
Reduced 73 maps to original: 105
Reduced 74 maps to original: 106
Reduced 75 maps to original: 107
Reduced 76 maps to original: 108 226
Reduced 77 maps to original: 109
Reduced 78 maps to original: 110 159
Reduced 79 maps to original: 111
Reduced 80 maps to original: 112
Reduced 81 maps to original: 113
Reduced 82 maps to original: 114
Reduced 83 maps to original: 115
Reduced 84 maps to original: 117
Reduced 85 maps to original: 118
Reduced 86 maps to original: 119
Reduced 87 maps to original: 120
Reduced 88 maps to original: 121
Reduced 89 maps to original: 122
Reduced 90 maps to original: 123
Reduced 91 maps to original: 124
Reduced 92 maps to original: 125
Reduced 93 maps to original: 126
Reduced 94 maps to original: 127
Reduced 95 maps to original: 128
Reduced 96 maps to original: 129
Reduced 97 maps to original: 130
Reduced 98 maps to original: 131
Reduced 99 maps to original: 132
Reduced 100 maps to original: 133
Reduced 101 maps to original: 134 171
Reduced 102 maps to original: 135
Reduced 103 maps to original: 136
Reduced 104 maps to original: 137
Reduced 105 maps to original: 138
Reduced 106 maps to original: 139
Reduced 107 maps to original: 140
Reduced 108 maps to original: 142
Reduced 109 maps to original: 143
Reduced 110 maps to original: 146
Reduced 111 maps to original: 148
Reduced 112 maps to original: 149 184
Reduced 113 maps to original: 151
Reduced 114 maps to original: 152
Reduced 115 maps to original: 153
Reduced 116 maps to original: 154
Reduced 117 maps to original: 155
Reduced 118 maps to original: 156
Reduced 119 maps to original: 157
Reduced 120 maps to original: 158
Reduced 121 maps to original: 162
Reduced 122 maps to original: 163
Reduced 123 maps to original: 164
Reduced 124 maps to original: 165
Reduced 125 maps to original: 166
Reduced 126 maps to original: 167
Reduced 127 maps to original: 168
Reduced 128 maps to original: 169
Reduced 129 maps to original: 170
Reduced 130 maps to original: 172
Reduced 131 maps to original: 173
Reduced 132 maps to original: 174
Reduced 133 maps to original: 175
Reduced 134 maps to original: 176 238
Reduced 135 maps to original: 177
Reduced 136 maps to original: 178
Reduced 137 maps to original: 179
Reduced 138 maps to original: 180
Reduced 139 maps to original: 183
Reduced 140 maps to original: 185
Reduced 141 maps to original: 186
Reduced 142 maps to original: 187 202
Reduced 143 maps to original: 188
Reduced 144 maps to original: 189
Reduced 145 maps to original: 190
Reduced 146 maps to original: 191
Reduced 147 maps to original: 192
Reduced 148 maps to original: 193
Reduced 149 maps to original: 194
Reduced 150 maps to original: 195
Reduced 151 maps to original: 196
Reduced 152 maps to original: 197
Reduced 153 maps to original: 198
Reduced 154 maps to original: 199
Reduced 155 maps to original: 200
Reduced 156 maps to original: 201
Reduced 157 maps to original: 203
Reduced 158 maps to original: 204
Reduced 159 maps to original: 206
Reduced 160 maps to original: 207
Reduced 161 maps to original: 208
Reduced 162 maps to original: 210
Reduced 163 maps to original: 211
Reduced 164 maps to original: 212
Reduced 165 maps to original: 213
Reduced 166 maps to original: 214
Reduced 167 maps to original: 215
Reduced 168 maps to original: 216
Reduced 169 maps to original: 217
Reduced 170 maps to original: 218
Reduced 171 maps to original: 219
Reduced 172 maps to original: 220
Reduced 173 maps to original: 221
Reduced 174 maps to original: 222
Reduced 175 maps to original: 224
Reduced 176 maps to original: 225
Reduced 177 maps to original: 227
Reduced 178 maps to original: 228
Reduced 179 maps to original: 229
Reduced 180 maps to original: 230
Reduced 181 maps to original: 231
Reduced 182 maps to original: 232
Reduced 183 maps to original: 233
Reduced 184 maps to original: 234
Reduced 185 maps to original: 235
Reduced 186 maps to original: 236
Reduced 187 maps to original: 237
Reduced 188 maps to original: 239
Reduced 189 maps to original: 240
Reduced 190 maps to original: 241
Reduced 191 maps to original: 242
Reduced 192 maps to original: 243
Reduced 193 maps to original: 244
Reduced 194 maps to original: 245
Reduced 195 maps to original: 246
Reduced 196 maps to original: 247
Reduced 197 maps to original: 248
Reduced 198 maps to original: 249
Reduced 199 maps to original: 250
Reduced 200 maps to original: 251
Reduced 201 maps to original: 252
Reduced 202 maps to original: 253

Tree as read in PhyloTree
TREE
NODELST
SUBTREE
FLAB
LABEL
LABEL 9_Burkholderia_multivorans_ATCC_17616_JGI
CBLEN
BRANCHLEN
BRANCHLEN 0.000000
SUBTREE
FLAB
LABEL
LABEL 8_Burkholderia_multivorans_ATCC_17616
CBLEN
BRANCHLEN
BRANCHLEN 0.000000
SUBTREE
NODELST
SUBTREE
FLAB
LABEL
LABEL 10_Burkholderia_thailandensis_E264
CBLEN
BRANCHLEN
BRANCHLEN 2.161521
SUBTREE
NODELST
SUBTREE
NODELST
SUBTREE
FLAB
LABEL
LABEL 7_Burkholderia_vietnamiensis_G4
CBLEN
BRANCHLEN
BRANCHLEN 0.399714
SUBTREE
NODELST
SUBTREE
FLAB
LABEL
LABEL 1_Burkholderia_ambifaria_MC40-6
CBLEN
BRANCHLEN
BRANCHLEN 0.033146
SUBTREE
FLAB
LABEL
LABEL 0_Burkholderia_ambifaria_AMMD
CBLEN
BRANCHLEN
BRANCHLEN 0.075767
CBLEN
BRANCHLEN
BRANCHLEN 0.109539
CBLEN
BRANCHLEN
BRANCHLEN 0.146768
SUBTREE
NODELST
SUBTREE
NODELST
SUBTREE
FLAB
LABEL
LABEL 6_Burkholderia_sp._383
CBLEN
BRANCHLEN
BRANCHLEN 0.296634
SUBTREE
FLAB
LABEL
LABEL 5_Burkholderia_cenocepacia_J2315
CBLEN
BRANCHLEN
BRANCHLEN 0.054534
CBLEN
BRANCHLEN
BRANCHLEN 0.049334
SUBTREE
NODELST
SUBTREE
FLAB
LABEL
LABEL 4_Burkholderia_cenocepacia_MC0-3
CBLEN
BRANCHLEN
BRANCHLEN 0.000000
SUBTREE
NODELST
SUBTREE
FLAB
LABEL
LABEL 3_Burkholderia_cenocepacia_HI2424
CBLEN
BRANCHLEN
BRANCHLEN 0.000000
SUBTREE
FLAB
LABEL
LABEL 2_Burkholderia_cenocepacia_AU_1054
CBLEN
BRANCHLEN
BRANCHLEN 0.000000
CBLEN
BRANCHLEN
BRANCHLEN 0.020482
CBLEN
BRANCHLEN
BRANCHLEN 0.051890
CBLEN
BRANCHLEN
BRANCHLEN 0.156896
CBLEN
BRANCHLEN
BRANCHLEN 0.065849
CBLEN
BRANCHLEN
BRANCHLEN 0.462837
<> 0.000000
<9_Burkholderia_multivorans_ATCC_17616_JGI> 0.000000
<8_Burkholderia_multivorans_ATCC_17616> 0.000000
<> 0.462837
<10_Burkholderia_thailandensis_E264> 2.161521
<> 0.065849
<> 0.146768
<7_Burkholderia_vietnamiensis_G4> 0.399714
<> 0.109539
<1_Burkholderia_ambifaria_MC40-6> 0.033146
<0_Burkholderia_ambifaria_AMMD> 0.075767
<> 0.156896
<> 0.049334
<6_Burkholderia_sp._383> 0.296634
<5_Burkholderia_cenocepacia_J2315> 0.054534
<> 0.051890
<4_Burkholderia_cenocepacia_MC0-3> 0.000000
<> 0.020482
<3_Burkholderia_cenocepacia_HI2424> 0.000000
<2_Burkholderia_cenocepacia_AU_1054> 0.000000
9_Burkholderia_multivorans_ATCC_17616_JGI
8_Burkholderia_multivorans_ATCC_17616
10_Burkholderia_thailandensis_E264
7_Burkholderia_vietnamiensis_G4
1_Burkholderia_ambifaria_MC40-6
0_Burkholderia_ambifaria_AMMD
6_Burkholderia_sp._383
5_Burkholderia_cenocepacia_J2315
4_Burkholderia_cenocepacia_MC0-3
3_Burkholderia_cenocepacia_HI2424
2_Burkholderia_cenocepacia_AU_1054

Root has 3 children of which 2 are leaves

Annotated Newick tree (*N mark the internal branch N)
(9_Burkholderia_multivorans_ATCC_17616_JGI,8_Burkholderia_multivorans_ATCC_17616,(10_Burkholderia_thailandensis_E264,((7_Burkholderia_vietnamiensis_G4,(1_Burkholderia_ambifaria_MC40-6,0_Burkholderia_ambifaria_AMMD)*3)*2,((6_Burkholderia_sp._383,5_Burkholderia_cenocepacia_J2315)*5,(4_Burkholderia_cenocepacia_MC0-3,(3_Burkholderia_cenocepacia_HI2424,2_Burkholderia_cenocepacia_AU_1054)*7)*6)*4)*1)*0);
31.644 72.469 1.382 33.819
0.627 13.383 0.373 49.749
10.420 25.264 0 0
4.476 32.564 0 24.083
3.687 117.097 1.002 116.393
2.645 50.871 3.977 87.209
28.101 38.936 3.654 35.824
37.247 206.723 9.741 50.464
16.801 111.318 0.476 61.509
2.781 24.210 7.464 78.421
2.523 15.817 9.310 20.290
3.592 17.191 0.352 4.593
10.183 66.768 5.297 92.563
8.128 108.475 44.264 241.325
48.424 155.678 39.846 48.240
8.613 128.697 2.958 17.067

0.12025 0.31781 0.15084 0.41110
0.29732 0.28991 0.19316 0.21961
0.08806 0.47475 0.05210 0.38508

0.00318509 0.01717110 0.00188443 0.01392783
0.00310570 0.01674308 0.00183745 0.01358065
0.00206928 0.01115570 0.00000000 0.00000000
0.00235258 0.01268296 0.00000000 0.01028741
0.00841824 0.04538346 0.00498057 0.03681145
0.00820840 0.04425220 0.00485642 0.03589386
0.00546915 0.02948467 0.00323577 0.02391562
0.00621790 0.03352124 0.00367876 0.02718976
0.00399549 0.02154002 0.00236389 0.01747155
0.00389589 0.02100310 0.00230497 0.01703604
0.00259578 0.01399410 0.00153577 0.01135090
0.00295116 0.01590994 0.00174602 0.01290488
0.01088943 0.05870590 0.00644263 0.04761755
0.01061799 0.05724256 0.00628203 0.04643060
0.00707463 0.03813998 0.00418564 0.03093611
0.00804318 0.04336149 0.00475867 0.03517139
mCodonFrequencies change after iteration 0 = 2.44607465e-03

31.640 72.451 1.379 33.799
0.624 13.365 0.369 49.730
10.416 25.242 0 0
4.473 32.549 0 24.068
3.692 117.122 1.001 116.399
2.650 50.895 3.976 87.215
28.099 38.926 3.650 35.807
37.250 206.738 9.739 50.465
16.803 111.330 0.475 61.512
2.783 24.222 7.463 78.424
2.522 15.813 9.309 20.282
3.593 17.198 0.351 4.594
10.189 66.800 5.295 92.571
8.134 108.506 44.263 241.333
48.422 155.666 39.841 48.218
8.617 128.716 2.956 17.069

0.12019 0.31783 0.15085 0.41113
0.29734 0.28993 0.19312 0.21961
0.08807 0.47479 0.05209 0.38506

0.00318393 0.01716487 0.00188320 0.01392091
0.00310457 0.01673700 0.00183626 0.01357391
0.00206791 0.01114828 0.00000000 0.00000000
0.00235164 0.01267789 0.00000000 0.01028192
0.00841984 0.04539209 0.00498009 0.03681352
0.00820996 0.04426062 0.00485595 0.03589588
0.00546854 0.02948137 0.00323448 0.02390973
0.00621885 0.03352638 0.00367827 0.02719029
0.00399625 0.02154412 0.00236366 0.01747253
0.00389663 0.02100710 0.00230475 0.01703700
0.00259549 0.01399253 0.00153516 0.01134810
0.00295161 0.01591238 0.00174579 0.01290513
0.01089150 0.05871707 0.00644201 0.04762023
0.01062002 0.05725345 0.00628143 0.04643322
0.00707384 0.03813571 0.00418397 0.03092850
0.00804441 0.04336814 0.00475804 0.03517207
mCodonFrequencies change after iteration 1 = 1.71216094e-04

31.640 72.450 1.379 33.798
0.624 13.364 0.369 49.728
10.416 25.241 0 0
4.473 32.548 0 24.067
3.692 117.124 1.001 116.400
2.650 50.896 3.976 87.215
28.099 38.926 3.650 35.806
37.250 206.739 9.739 50.465
16.803 111.330 0.475 61.512
2.783 24.222 7.463 78.424
2.522 15.812 9.309 20.281
3.593 17.198 0.351 4.594
10.189 66.802 5.295 92.572
8.135 108.508 44.263 241.333
48.422 155.665 39.841 48.217
8.617 128.717 2.956 17.070

0.12018 0.31783 0.15085 0.41113
0.29734 0.28993 0.19311 0.21961
0.08807 0.47479 0.05209 0.38505

0.00318385 0.01716443 0.00188312 0.01392042
0.00310449 0.01673658 0.00183618 0.01357343
0.00206781 0.01114776 0.00000000 0.00000000
0.00235157 0.01267753 0.00000000 0.01028153
0.00841995 0.04539270 0.00498006 0.03681366
0.00821007 0.04426121 0.00485592 0.03589602
0.00546849 0.02948114 0.00323439 0.02390932
0.00621892 0.03352674 0.00367824 0.02719032
0.00399630 0.02154441 0.00236365 0.01747260
0.00389669 0.02100738 0.00230473 0.01703707
0.00259547 0.01399242 0.00153512 0.01134791
0.00295164 0.01591255 0.00174577 0.01290515
0.01089165 0.05871785 0.00644197 0.04762042
0.01062016 0.05725421 0.00628139 0.04643340
0.00707379 0.03813541 0.00418386 0.03092797
0.00804450 0.04336861 0.00475799 0.03517212
mCodonFrequencies change after iteration 2 = 1.19793446e-05

31.640 72.450 1.379 33.798
0.624 13.364 0.369 49.728
10.416 25.241 0 0
4.473 32.548 0 24.067
3.692 117.124 1.001 116.400
2.650 50.897 3.976 87.215
28.099 38.926 3.650 35.806
37.250 206.739 9.739 50.465
16.803 111.330 0.475 61.512
2.783 24.222 7.463 78.424
2.522 15.812 9.309 20.281
3.593 17.198 0.351 4.594
10.189 66.802 5.295 92.572
8.135 108.508 44.263 241.333
48.422 155.665 39.841 48.217
8.617 128.717 2.956 17.070

0.12018 0.31783 0.15085 0.41113
0.29734 0.28993 0.19311 0.21961
0.08807 0.47479 0.05209 0.38505

0.00318385 0.01716440 0.00188311 0.01392039
0.00310448 0.01673655 0.00183617 0.01357340
0.00206781 0.01114772 0.00000000 0.00000000
0.00235157 0.01267751 0.00000000 0.01028150
0.00841996 0.04539274 0.00498006 0.03681367
0.00821008 0.04426125 0.00485592 0.03589603
0.00546849 0.02948112 0.00323439 0.02390929
0.00621892 0.03352676 0.00367823 0.02719032
0.00399630 0.02154443 0.00236365 0.01747261
0.00389669 0.02100740 0.00230473 0.01703707
0.00259547 0.01399241 0.00153511 0.01134790
0.00295164 0.01591257 0.00174577 0.01290515
0.01089166 0.05871791 0.00644197 0.04762043
0.01062017 0.05725427 0.00628139 0.04643341
0.00707378 0.03813539 0.00418385 0.03092793
0.00804450 0.04336864 0.00475799 0.03517212
mCodonFrequencies change after iteration 3 = 8.37990404e-07

31.640 72.450 1.379 33.798
0.624 13.364 0.369 49.728
10.416 25.241 0 0
4.473 32.548 0 24.067
3.692 117.124 1.001 116.400
2.650 50.897 3.976 87.215
28.099 38.926 3.650 35.806
37.250 206.739 9.739 50.465
16.803 111.330 0.475 61.512
2.783 24.222 7.463 78.424
2.522 15.812 9.309 20.281
3.593 17.198 0.351 4.594
10.189 66.802 5.295 92.572
8.135 108.508 44.263 241.333
48.422 155.665 39.841 48.217
8.617 128.717 2.956 17.070

0.12018 0.31783 0.15085 0.41113
0.29734 0.28993 0.19311 0.21961
0.08807 0.47479 0.05209 0.38505

0.00318385 0.01716440 0.00188311 0.01392039
0.00310448 0.01673655 0.00183617 0.01357340
0.00206781 0.01114772 0.00000000 0.00000000
0.00235157 0.01267750 0.00000000 0.01028150
0.00841996 0.04539274 0.00498006 0.03681367
0.00821008 0.04426125 0.00485592 0.03589603
0.00546849 0.02948112 0.00323439 0.02390929
0.00621892 0.03352676 0.00367823 0.02719032
0.00399630 0.02154443 0.00236365 0.01747261
0.00389669 0.02100740 0.00230473 0.01703707
0.00259547 0.01399241 0.00153511 0.01134789
0.00295164 0.01591257 0.00174577 0.01290515
0.01089166 0.05871791 0.00644196 0.04762043
0.01062017 0.05725427 0.00628139 0.04643341
0.00707378 0.03813539 0.00418385 0.03092793
0.00804450 0.04336864 0.00475799 0.03517212
mCodonFrequencies change after iteration 4 = 5.86082189e-08

31.640 72.450 1.379 33.798
0.624 13.364 0.369 49.728
10.416 25.241 0 0
4.473 32.548 0 24.067
3.692 117.124 1.001 116.400
2.650 50.897 3.976 87.215
28.099 38.926 3.650 35.806
37.250 206.739 9.739 50.465
16.803 111.330 0.475 61.512
2.783 24.222 7.463 78.424
2.522 15.812 9.309 20.281
3.593 17.198 0.351 4.594
10.189 66.802 5.295 92.572
8.135 108.508 44.263 241.333
48.422 155.665 39.841 48.217
8.617 128.717 2.956 17.070

0.12018 0.31783 0.15085 0.41113
0.29734 0.28993 0.19311 0.21961
0.08807 0.47479 0.05209 0.38505

0.00318385 0.01716440 0.00188311 0.01392039
0.00310448 0.01673655 0.00183617 0.01357340
0.00206781 0.01114772 0.00000000 0.00000000
0.00235157 0.01267750 0.00000000 0.01028150
0.00841996 0.04539274 0.00498006 0.03681367
0.00821008 0.04426125 0.00485592 0.03589603
0.00546849 0.02948112 0.00323439 0.02390929
0.00621892 0.03352676 0.00367823 0.02719032
0.00399630 0.02154443 0.00236365 0.01747261
0.00389669 0.02100740 0.00230473 0.01703707
0.00259547 0.01399241 0.00153511 0.01134789
0.00295164 0.01591257 0.00174577 0.01290515
0.01089166 0.05871791 0.00644196 0.04762043
0.01062017 0.05725427 0.00628139 0.04643341
0.00707378 0.03813539 0.00418385 0.03092793
0.00804450 0.04336864 0.00475799 0.03517212
mCodonFrequencies change after iteration 5 = 4.09805750e-09

31.640 72.450 1.379 33.798
0.624 13.364 0.369 49.728
10.416 25.241 0 0
4.473 32.548 0 24.067
3.692 117.124 1.001 116.400
2.650 50.897 3.976 87.215
28.099 38.926 3.650 35.806
37.250 206.739 9.739 50.465
16.803 111.330 0.475 61.512
2.783 24.222 7.463 78.424
2.522 15.812 9.309 20.281
3.593 17.198 0.351 4.594
10.189 66.802 5.295 92.572
8.135 108.508 44.263 241.333
48.422 155.665 39.841 48.217
8.617 128.717 2.956 17.070

0.12018 0.31783 0.15085 0.41113
0.29734 0.28993 0.19311 0.21961
0.08807 0.47479 0.05209 0.38505

0.00318385 0.01716440 0.00188311 0.01392039
0.00310448 0.01673655 0.00183617 0.01357340
0.00206781 0.01114772 0.00000000 0.00000000
0.00235157 0.01267750 0.00000000 0.01028150
0.00841996 0.04539275 0.00498006 0.03681367
0.00821008 0.04426125 0.00485592 0.03589603
0.00546849 0.02948112 0.00323439 0.02390929
0.00621892 0.03352676 0.00367823 0.02719032
0.00399630 0.02154443 0.00236365 0.01747261
0.00389669 0.02100740 0.00230473 0.01703707
0.00259547 0.01399241 0.00153511 0.01134789
0.00295164 0.01591257 0.00174577 0.01290515
0.01089166 0.05871791 0.00644196 0.04762043
0.01062017 0.05725427 0.00628139 0.04643341
0.00707378 0.03813539 0.00418385 0.03092793
0.00804450 0.04336864 0.00475799 0.03517212
mCodonFrequencies change after iteration 6 = 2.86471498e-10

31.640 72.450 1.379 33.798
0.624 13.364 0.369 49.728
10.416 25.241 0 0
4.473 32.548 0 24.067
3.692 117.124 1.001 116.400
2.650 50.897 3.976 87.215
28.099 38.926 3.650 35.806
37.250 206.739 9.739 50.465
16.803 111.330 0.475 61.512
2.783 24.222 7.463 78.424
2.522 15.812 9.309 20.281
3.593 17.198 0.351 4.594
10.189 66.802 5.295 92.572
8.135 108.508 44.263 241.333
48.422 155.665 39.841 48.217
8.617 128.717 2.956 17.070

0.12018 0.31783 0.15085 0.41113
0.29734 0.28993 0.19311 0.21961
0.08807 0.47479 0.05209 0.38505

0.00318385 0.01716440 0.00188311 0.01392039
0.00310448 0.01673655 0.00183617 0.01357340
0.00206781 0.01114772 0.00000000 0.00000000
0.00235157 0.01267750 0.00000000 0.01028150
0.00841996 0.04539275 0.00498006 0.03681367
0.00821008 0.04426125 0.00485592 0.03589603
0.00546849 0.02948112 0.00323439 0.02390929
0.00621892 0.03352676 0.00367823 0.02719032
0.00399630 0.02154443 0.00236365 0.01747261
0.00389669 0.02100740 0.00230473 0.01703707
0.00259547 0.01399241 0.00153511 0.01134789
0.00295164 0.01591257 0.00174577 0.01290515
0.01089166 0.05871791 0.00644196 0.04762043
0.01062017 0.05725427 0.00628139 0.04643341
0.00707378 0.03813539 0.00418385 0.03092793
0.00804450 0.04336864 0.00475799 0.03517212
mCodonFrequencies change after iteration 7 = 2.00192655e-11

31.640 72.450 1.379 33.798
0.624 13.364 0.369 49.728
10.416 25.241 0 0
4.473 32.548 0 24.067
3.692 117.124 1.001 116.400
2.650 50.897 3.976 87.215
28.099 38.926 3.650 35.806
37.250 206.739 9.739 50.465
16.803 111.330 0.475 61.512
2.783 24.222 7.463 78.424
2.522 15.812 9.309 20.281
3.593 17.198 0.351 4.594
10.189 66.802 5.295 92.572
8.135 108.508 44.263 241.333
48.422 155.665 39.841 48.217
8.617 128.717 2.956 17.070

0.12018 0.31783 0.15085 0.41113
0.29734 0.28993 0.19311 0.21961
0.08807 0.47479 0.05209 0.38505

0.00318385 0.01716440 0.00188311 0.01392039
0.00310448 0.01673655 0.00183617 0.01357340
0.00206781 0.01114772 0.00000000 0.00000000
0.00235157 0.01267750 0.00000000 0.01028150
0.00841996 0.04539275 0.00498006 0.03681367
0.00821008 0.04426125 0.00485592 0.03589603
0.00546849 0.02948112 0.00323439 0.02390929
0.00621892 0.03352676 0.00367823 0.02719032
0.00399630 0.02154443 0.00236365 0.01747261
0.00389669 0.02100740 0.00230473 0.01703707
0.00259547 0.01399241 0.00153511 0.01134789
0.00295164 0.01591257 0.00174577 0.01290515
0.01089166 0.05871791 0.00644196 0.04762043
0.01062017 0.05725427 0.00628139 0.04643341
0.00707378 0.03813539 0.00418385 0.03092793
0.00804450 0.04336864 0.00475799 0.03517212
mCodonFrequencies change after iteration 8 = 1.39854447e-12

31.640 72.450 1.379 33.798
0.624 13.364 0.369 49.728
10.416 25.241 0 0
4.473 32.548 0 24.067
3.692 117.124 1.001 116.400
2.650 50.897 3.976 87.215
28.099 38.926 3.650 35.806
37.250 206.739 9.739 50.465
16.803 111.330 0.475 61.512
2.783 24.222 7.463 78.424
2.522 15.812 9.309 20.281
3.593 17.198 0.351 4.594
10.189 66.802 5.295 92.572
8.135 108.508 44.263 241.333
48.422 155.665 39.841 48.217
8.617 128.717 2.956 17.070

0.12018 0.31783 0.15085 0.41113
0.29734 0.28993 0.19311 0.21961
0.08807 0.47479 0.05209 0.38505

0.00318385 0.01716440 0.00188311 0.01392039
0.00310448 0.01673655 0.00183617 0.01357340
0.00206781 0.01114772 0.00000000 0.00000000
0.00235157 0.01267750 0.00000000 0.01028150
0.00841996 0.04539275 0.00498006 0.03681367
0.00821008 0.04426125 0.00485592 0.03589603
0.00546849 0.02948112 0.00323439 0.02390929
0.00621892 0.03352676 0.00367823 0.02719032
0.00399630 0.02154443 0.00236365 0.01747261
0.00389669 0.02100740 0.00230473 0.01703707
0.00259547 0.01399241 0.00153511 0.01134789
0.00295164 0.01591257 0.00174577 0.01290515
0.01089166 0.05871791 0.00644196 0.04762043
0.01062017 0.05725427 0.00628139 0.04643341
0.00707378 0.03813539 0.00418385 0.03092793
0.00804450 0.04336864 0.00475799 0.03517212
mCodonFrequencies change after iteration 9 = 9.76777253e-14


TIMER (preprocessing) ncores: 1 time: 150

Num branches: 19
Internal branches: 8
Unique sites: 203
Total branches: 3857
Reduced branches: 2073 53.75%
Aggressive reduct.: 1198 31.06%


TEST FOR H0 (before optimization)
Trees in class 0: 42
Trees in class 1: 42
Trees in class 2: 84
Trees in class 3: 90
Trees in class 4: 75
Trees in class 5: 84
Trees in class 6: 78
Trees in class 7: 48
Trees in class 8: 54
Trees in class 9: 6
Trees in class 10: 6

TEST FOR H0
Trees in class 0: 42
Trees in class 1: 42
Trees in class 2: 84
Trees in class 3: 90
Trees in class 4: 75
Trees in class 5: 84
Trees in class 6: 78
Trees in class 7: 48
Trees in class 8: 54
Trees in class 9: 6
Trees in class 10: 6

TEST FOR H1 (before optimization)
Trees in class 0: 56
Trees in class 1: 56
Trees in class 2: 112
Trees in class 3: 120
Trees in class 4: 100
Trees in class 5: 112
Trees in class 6: 104
Trees in class 7: 64
Trees in class 8: 72
Trees in class 9: 8
Trees in class 10: 8

TEST FOR H1
Trees in class 0: 56
Trees in class 1: 56
Trees in class 2: 112
Trees in class 3: 120
Trees in class 4: 100
Trees in class 5: 112
Trees in class 6: 104
Trees in class 7: 64
Trees in class 8: 72
Trees in class 9: 8
Trees in class 10: 8

TEST FOR BEB (before optimization)
Trees in class 0: 14
Trees in class 1: 14
Trees in class 2: 28
Trees in class 3: 30
Trees in class 4: 25
Trees in class 5: 28
Trees in class 6: 26
Trees in class 7: 16
Trees in class 8: 18
Trees in class 9: 2
Trees in class 10: 2

TEST FOR BEB
Trees in class 0: 14
Trees in class 1: 14
Trees in class 2: 28
Trees in class 3: 30
Trees in class 4: 25
Trees in class 5: 28
Trees in class 6: 26
Trees in class 7: 16
Trees in class 8: 18
Trees in class 9: 2
Trees in class 10: 2

Doing branch 0
Check ming2 convergence
Check ming2 convergence

LnL0: -2614.992001104497376 Function calls: 2095

0.0000000 0.0000000 0.4272389 2.2962843 0.0836438 0.1474015 0.4046995 0.1135361
0.0336184 0.0758450 0.1637632 0.0477908 0.2988944 0.0548416 0.0528061 0.0005663
0.0199252 0.0000000 0.0000000

p0: 0.8312194 p1: 0.0931778 p2a: 0.0679822 p2b: 0.0076206
w0: 0.0640211 k: 3.4970716

LnL1: -2614.055574634424374 Function calls: 8659

0.0000000 0.0000000 13.8303127 2.2869697 0.0710944 0.1503029 0.4071326 0.1129772
0.0350059 0.0746122 0.1616440 0.0492962 0.2981465 0.0543888 0.0515652 0.0007134
0.0197802 0.0000000 0.0000000

p0: 0.8771828 p1: 0.0935637 p2a: 0.0264339 p2b: 0.0028195
w0: 0.0664175 k: 3.5546405 w2: 503.1989399

LRT: 0.936426470073002 (threshold: 1.920729410347062)

Doing branch 1
Check ming2 convergence

LnL0: -2615.540162244748444 Function calls: 2399

0.0000000 0.0000000 0.4350774 2.1830493 0.0793299 0.1489929 0.4048617 0.1108999
0.0333885 0.0759458 0.1598452 0.0491476 0.2981866 0.0547397 0.0524189 0.0000000
0.0205266 0.0000000 0.0000000

p0: 0.7560974 p1: 0.0844893 p2a: 0.1433903 p2b: 0.0160230
w0: 0.0671337 k: 3.4946731

LnL1: -2611.251722133761177 Function calls: 5449

0.0000000 0.0000000 0.4509557 2.1572136 0.9899130 0.1519692 0.4033687 0.1122403
0.0335061 0.0757965 0.1572671 0.0492576 0.2973304 0.0546319 0.0523224 0.0001296
0.0204037 0.0000000 0.0000000

p0: 0.8900774 p1: 0.0960052 p2a: 0.0125623 p2b: 0.0013550
w0: 0.0694083 k: 3.5244788 w2: 999.0000000

LRT: 4.288440110987267 (threshold: 1.920729410347062)

Computing BEB for fg branch 1

Calculating f(X), the marginal probability of data.

Posterior on the grid

w0: 1.000 0.000 0.000 0.000 0.000 0.000 0.000 0.000 0.000 0.000
w2: 0.082 0.070 0.072 0.079 0.087 0.097 0.108 0.120 0.134 0.149

Posterior for p0-p1 (see the ternary graph)

0.000
0.000 0.000 0.000
0.000 0.000 0.000 0.000 0.000
0.000 0.000 0.000 0.000 0.000 0.000 0.000
0.000 0.000 0.000 0.000 0.000 0.000 0.000 0.000 0.000
0.000 0.000 0.000 0.000 0.000 0.000 0.000 0.000 0.000 0.000 0.000
0.000 0.000 0.000 0.000 0.000 0.000 0.000 0.000 0.000 0.000 0.000 0.000 0.000
0.000 0.000 0.000 0.000 0.000 0.000 0.000 0.000 0.000 0.000 0.000 0.000 0.000 0.000 0.000
0.000 0.000 0.000 0.000 0.000 0.000 0.000 0.000 0.000 0.000 0.002 0.000 0.023 0.009 0.214 0.124 0.390
0.000 0.000 0.000 0.000 0.003 0.000 0.003 0.005 0.001 0.019 0.000 0.030 0.000 0.037 0.000 0.059 0.000 0.081 0.000

Sum of density on p0-p1 = 1.0000

log(fX) = -2623.5638 Scales = -2468.1630 -148.5204

Calculating f(w|X), posterior probs of site classes.
Printing positive sel sites for branch 1
85 0.877450
87 0.718496
101 0.656683
124 0.789681
192 0.607351

Doing branch 2
Check ming2 convergence
Check ming2 convergence

LnL0: -2614.400605027360598 Function calls: 2640

0.0000000 0.0000000 0.4691790 2.2751691 0.0667919 0.1281678 0.4020374 0.1134426
0.0328983 0.0764440 0.1637744 0.0496716 0.2982900 0.0546106 0.0519969 0.0000000
0.0204362 0.0000000 0.0000000

p0: 0.8240131 p1: 0.0867527 p2a: 0.0807344 p2b: 0.0084998
w0: 0.0669442 k: 3.4932807

LnL1: -2607.267106581673033 Function calls: 3069

0.0000000 0.0000000 0.4769213 2.2692855 0.0707489 1.2221522 0.4065913 0.1113921
0.0331237 0.0761705 0.1695879 0.0503997 0.2980253 0.0555671 0.0514457 0.0000000
0.0204190 0.0000000 0.0000000

p0: 0.8829229 p1: 0.0941086 p2a: 0.0207561 p2b: 0.0022123
w0: 0.0674749 k: 3.6308893 w2: 314.4733217

LRT: 7.133498445687565 (threshold: 1.920729410347062)

Computing BEB for fg branch 2

Calculating f(X), the marginal probability of data.

Posterior on the grid

w0: 1.000 0.000 0.000 0.000 0.000 0.000 0.000 0.000 0.000 0.000
w2: 0.011 0.021 0.036 0.057 0.081 0.106 0.133 0.159 0.185 0.210

Posterior for p0-p1 (see the ternary graph)

0.000
0.000 0.000 0.000
0.000 0.000 0.000 0.000 0.000
0.000 0.000 0.000 0.000 0.000 0.000 0.000
0.000 0.000 0.000 0.000 0.000 0.000 0.000 0.000 0.000
0.000 0.000 0.000 0.000 0.000 0.000 0.000 0.000 0.000 0.000 0.000
0.000 0.000 0.000 0.000 0.000 0.000 0.000 0.000 0.000 0.000 0.000 0.000 0.000
0.000 0.000 0.000 0.000 0.000 0.000 0.000 0.000 0.000 0.000 0.000 0.000 0.000 0.000 0.001
0.000 0.000 0.000 0.000 0.000 0.000 0.000 0.000 0.000 0.000 0.000 0.000 0.001 0.000 0.020 0.066 0.803
0.000 0.000 0.000 0.000 0.000 0.000 0.000 0.000 0.000 0.000 0.000 0.000 0.000 0.001 0.000 0.007 0.000 0.101 0.000

Sum of density on p0-p1 = 1.0000

log(fX) = -2621.3550 Scales = -2459.6975 -154.1347

Calculating f(w|X), posterior probs of site classes.
Printing positive sel sites for branch 2
49 0.500903
73 0.739117
99 0.523157
105 0.606336
174 0.998933**

Doing branch 3
Check ming2 convergence

LnL0: -2616.623661487894424 Function calls: 2026

-0.0000000 0.0000000 0.4634127 2.1641085 0.0659247 0.1469526 0.4002535 0.1096640
0.0331718 0.0758554 0.1571379 0.0494018 0.2969656 0.0545908 0.0519422 0.0000000
0.0205028 -0.0000000 0.0000000

p0: 0.8972647 p1: 0.1027353 p2a: 0.0000000 p2b: 0.0000000
w0: 0.0709130 k: 3.4635528

LnL1: -2616.635184732439029 Function calls: 2185

0.0000000 0.0000000 0.4624029 2.1506242 0.0654344 0.1467253 0.3987593 0.1096668
0.0331627 0.0759361 0.1564121 0.0491802 0.2959921 0.0546650 0.0519601 0.0000000
0.0204959 0.0000000 0.0000000

p0: 0.8974933 p1: 0.1025067 p2a: 0.0000000 p2b: 0.0000000
w0: 0.0713426 k: 3.3997469 w2: 1.0000000

LRT: -0.011523244544605 (threshold: 1.920729410347062)

Doing branch 4
Check ming2 convergence
Check ming2 convergence

LnL0: -2616.623661466769590 Function calls: 2675

0.0000000 0.0000000 0.4634130 2.1641381 0.0659250 0.1469532 0.4002589 0.1096648
0.0331721 0.0758560 0.1571410 0.0494011 0.2969653 0.0545914 0.0519412 0.0000000
0.0205027 0.0000000 0.0000000

p0: 0.8972622 p1: 0.1027378 p2a: 0.0000000 p2b: 0.0000000
w0: 0.0709114 k: 3.4636598

LnL1: -2616.623661482396528 Function calls: 3241

-0.0000000 0.0000000 0.4634177 2.1641112 0.0659233 0.1469481 0.4002500 0.1096647
0.0331719 0.0758560 0.1571383 0.0494015 0.2969653 0.0545905 0.0519406 0.0000000
0.0205026 -0.0000000 0.0000000

p0: 0.8972641 p1: 0.1027359 p2a: 0.0000000 p2b: 0.0000000
w0: 0.0709128 k: 3.4636440 w2: 1.0000000

LRT: -0.000000015626938 (threshold: 1.920729410347062)

Doing branch 5

LnL0: -2616.619841287325016 Function calls: 2673

0.0000000 0.0000000 0.4633348 2.1683698 0.0661283 0.1470432 0.4004004 0.1098256
0.0331666 0.0758935 0.1570765 0.0485583 0.2968996 0.0548850 0.0524049 0.0000000
0.0205061 0.0000000 0.0000000

p0: 0.8887855 p1: 0.1013255 p2a: 0.0088769 p2b: 0.0010120
w0: 0.0707733 k: 3.4648088

LnL1: -2616.619841247987551 Function calls: 4932

0.0000000 0.0000000 0.4633342 2.1684198 0.0661276 0.1470423 0.4004026 0.1098279
0.0331664 0.0758928 0.1570811 0.0485578 0.2969000 0.0548854 0.0524038 0.0000000
0.0205058 0.0000000 0.0000000

p0: 0.8887843 p1: 0.1013274 p2a: 0.0088764 p2b: 0.0010120
w0: 0.0707704 k: 3.4647517 w2: 1.0000000

LRT: 0.000000039337465 (threshold: 1.920729410347062)

Doing branch 6
Check ming2 convergence
Check ming2 convergence

LnL0: -2616.623661608910879 Function calls: 3446

0.0000000 0.0000000 0.4634076 2.1640512 0.0659229 0.1469501 0.4002505 0.1096648
0.0331719 0.0758549 0.1571384 0.0494011 0.2969617 0.0545906 0.0519426 0.0000000
0.0205026 0.0000000 0.0000000

p0: 0.8972648 p1: 0.1027352 p2a: 0.0000000 p2b: 0.0000000
w0: 0.0709149 k: 3.4634124

LnL1: -2616.623661485228240 Function calls: 2020

0.0000000 0.0000000 0.4634113 2.1641056 0.0659257 0.1469517 0.4002553 0.1096636
0.0331722 0.0758554 0.1571386 0.0494012 0.2969632 0.0545921 0.0519421 0.0000000
0.0205029 0.0000000 0.0000000

p0: 0.8972641 p1: 0.1027359 p2a: 0.0000000 p2b: 0.0000000
w0: 0.0709130 k: 3.4635337 w2: 2.9464221

LRT: 0.000000123682639 (threshold: 1.920729410347062)

Doing branch 7

LnL0: -2616.540136364067621 Function calls: 2568

0.0000000 0.0000000 0.4621227 2.1722965 0.0660195 0.1474073 0.3994368 0.1108604
0.0331467 0.0758685 0.1574454 0.0481651 0.2967936 0.0545049 0.0518709 0.0017545
0.0185826 0.0000000 0.0000000

p0: 0.8397321 p1: 0.0972253 p2a: 0.0565009 p2b: 0.0065417
w0: 0.0703252 k: 3.4614383

LnL1: -2616.540136165151125 Function calls: 2509

0.0000000 0.0000000 0.4621269 2.1723232 0.0660185 0.1474076 0.3994418 0.1108607
0.0331484 0.0758670 0.1574513 0.0481657 0.2967943 0.0545045 0.0518716 0.0017541
0.0185831 0.0000000 0.0000000

p0: 0.8397471 p1: 0.0972271 p2a: 0.0564858 p2b: 0.0065400
w0: 0.0703253 k: 3.4616702 w2: 1.0000000

LRT: 0.000000198916496 (threshold: 1.920729410347062)

TIMER (processing) ncores: 1 time: 313329
